<?xml version="1.0" encoding="UTF-8"?>
<!-- Generated by org.testng.reporters.JUnitXMLReporter -->
<testsuite ignored="0" hostname="Ashutosh" failures="0" tests="4" name="Surefire test" time="19.034" errors="0" timestamp="2024-11-15T18:16:06 IST">
  <testcase classname="Ashutosh.Selenium_Framework1.ErrorValidationTest" name="SubmitOrder" time="0.948"/>
  <testcase classname="Ashutosh.Selenium_Framework1.SubmitOrderTest" name="SubmitOrder" time="4.2"/>
  <testcase classname="Ashutosh.Selenium_Framework1.SubmitOrderTest" name="orderVerifyinOrderlistTest" time="0.538"/>
  <testcase classname="Ashutosh.Selenium_Framework1.SubmitOrderValidationinMycarTest" name="SubmitOrder" time="3.421"/>
</testsuite> <!-- Surefire test -->
