<?xml version="1.0" encoding="UTF-8"?>
<!-- Generated by org.testng.reporters.JUnitXMLReporter -->
<testsuite ignored="0" hostname="Ashutosh" failures="0" tests="2" name="Submit_Order_Test" time="10.943" errors="0" timestamp="2024-11-15T16:05:42 IST">
  <testcase classname="Ashutosh.Selenium_Framework1.SubmitOrderTest" name="SubmitOrder" time="4.278"/>
  <testcase classname="Ashutosh.Selenium_Framework1.SubmitOrderTest" name="orderVerifyinOrderlistTest" time="0.555"/>
</testsuite> <!-- Submit_Order_Test -->
