<?xml version="1.0" encoding="UTF-8"?>
<testng-results ignored="0" total="2" passed="2" failed="0" skipped="0">
  <reporter-output>
  </reporter-output>
  <suite started-at="2024-11-15T16:05:31 IST" name="Suite" finished-at="2024-11-15T16:05:42 IST" duration-ms="10943">
    <groups>
    </groups>
    <test started-at="2024-11-15T16:05:31 IST" name="Submit_Order_Test" finished-at="2024-11-15T16:05:42 IST" duration-ms="10943">
      <class name="Ashutosh.Selenium_Framework1.SubmitOrderTest">
        <test-method is-config="true" signature="LaunchApplication()[pri:0, instance:Ashutosh.Selenium_Framework1.SubmitOrderTest@368247b9]" started-at="2024-11-15T16:05:31 IST" name="LaunchApplication" finished-at="2024-11-15T16:05:34 IST" duration-ms="3208" status="PASS">
          <reporter-output>
          </reporter-output>
        </test-method> <!-- LaunchApplication -->
        <test-method signature="SubmitOrder()[pri:0, instance:Ashutosh.Selenium_Framework1.SubmitOrderTest@368247b9]" started-at="2024-11-15T16:05:34 IST" name="SubmitOrder" finished-at="2024-11-15T16:05:38 IST" duration-ms="4278" status="PASS">
          <reporter-output>
          </reporter-output>
        </test-method> <!-- SubmitOrder -->
        <test-method is-config="true" signature="CloseBrowser()[pri:0, instance:Ashutosh.Selenium_Framework1.SubmitOrderTest@368247b9]" started-at="2024-11-15T16:05:38 IST" name="CloseBrowser" finished-at="2024-11-15T16:05:38 IST" duration-ms="80" status="PASS">
          <reporter-output>
          </reporter-output>
        </test-method> <!-- CloseBrowser -->
        <test-method is-config="true" signature="LaunchApplication()[pri:0, instance:Ashutosh.Selenium_Framework1.SubmitOrderTest@368247b9]" started-at="2024-11-15T16:05:38 IST" name="LaunchApplication" finished-at="2024-11-15T16:05:41 IST" duration-ms="2734" status="PASS">
          <reporter-output>
          </reporter-output>
        </test-method> <!-- LaunchApplication -->
        <test-method signature="orderVerifyinOrderlistTest()[pri:0, instance:Ashutosh.Selenium_Framework1.SubmitOrderTest@368247b9]" started-at="2024-11-15T16:05:41 IST" name="orderVerifyinOrderlistTest" finished-at="2024-11-15T16:05:42 IST" depends-on-methods="Ashutosh.Selenium_Framework1.SubmitOrderTest.SubmitOrder" duration-ms="555" status="PASS">
          <reporter-output>
          </reporter-output>
        </test-method> <!-- orderVerifyinOrderlistTest -->
        <test-method is-config="true" signature="CloseBrowser()[pri:0, instance:Ashutosh.Selenium_Framework1.SubmitOrderTest@368247b9]" started-at="2024-11-15T16:05:42 IST" name="CloseBrowser" finished-at="2024-11-15T16:05:42 IST" duration-ms="42" status="PASS">
          <reporter-output>
          </reporter-output>
        </test-method> <!-- CloseBrowser -->
      </class> <!-- Ashutosh.Selenium_Framework1.SubmitOrderTest -->
    </test> <!-- Submit_Order_Test -->
  </suite> <!-- Suite -->
</testng-results>
